<?xml version="1.0" encoding="UTF-8"?>
<!-- Generated by org.testng.reporters.JUnitReportReporter -->
<testsuite hostname="DESKTOP-22NASUV" failures="0" tests="2" name="Client_Site.Client" time="82.349" errors="0" timestamp="2019-11-10T17:18:26 ICT" skipped="0">
  <testcase classname="Client_Site.Client" name="testcase1_createAccount" time="41.188"/>
  <testcase classname="Client_Site.Client" name="testcase2_loginlogoutPage" time="41.161"/>
</testsuite> <!-- Client_Site.Client -->
